[2025-01-11 22:22:40,104] 24 root - INFO - Entered the data ingestion method or component
[2025-01-11 22:22:40,151] 27 root - INFO - Read the dataset as dataframe
[2025-01-11 22:22:40,198] 32 root - INFO - Train Test split initiated
[2025-01-11 22:22:40,226] 39 root - INFO - Ingestion of the data is completed.
[2025-01-11 22:22:40,261] 86 root - INFO - Data loading completed
[2025-01-11 22:22:40,261] 89 root - INFO - Training Data Columns: Index(['ID', 'Year_Birth', 'Education', 'Marital_Status', 'Income', 'Kidhome',
       'Teenhome', 'Dt_Customer', 'Recency', 'MntWines', 'MntFruits',
       'MntMeatProducts', 'MntFishProducts', 'MntSweetProducts',
       'MntGoldProds', 'NumDealsPurchases', 'NumWebPurchases',
       'NumCatalogPurchases', 'NumStorePurchases', 'NumWebVisitsMonth',
       'AcceptedCmp3', 'AcceptedCmp4', 'AcceptedCmp5', 'AcceptedCmp1',
       'AcceptedCmp2', 'Complain', 'Z_CostContact', 'Z_Revenue', 'Response'],
      dtype='object')
[2025-01-11 22:22:40,278] 90 root - INFO - Testing Data Columns: Index(['ID', 'Year_Birth', 'Education', 'Marital_Status', 'Income', 'Kidhome',
       'Teenhome', 'Dt_Customer', 'Recency', 'MntWines', 'MntFruits',
       'MntMeatProducts', 'MntFishProducts', 'MntSweetProducts',
       'MntGoldProds', 'NumDealsPurchases', 'NumWebPurchases',
       'NumCatalogPurchases', 'NumStorePurchases', 'NumWebVisitsMonth',
       'AcceptedCmp3', 'AcceptedCmp4', 'AcceptedCmp5', 'AcceptedCmp1',
       'AcceptedCmp2', 'Complain', 'Z_CostContact', 'Z_Revenue', 'Response'],
      dtype='object')
[2025-01-11 22:22:40,280] 108 root - INFO - New_Education feature created by replacing values in Education
[2025-01-11 22:22:40,293] 17 root - INFO - Dt_Customer transformed into Days_since_signup
[2025-01-11 22:22:40,300] 17 root - INFO - Dt_Customer transformed into Days_since_signup
[2025-01-11 22:22:40,312] 53 root - INFO - Outliers removed from Income. Shape after removal: (1766, 30)
[2025-01-11 22:22:40,312] 53 root - INFO - Outliers removed from Income. Shape after removal: (442, 30)
[2025-01-11 22:22:40,312] 32 root - INFO - Data filtered by age. Shape after filtering: (1764, 31)
[2025-01-11 22:22:40,325] 32 root - INFO - Data filtered by age. Shape after filtering: (441, 31)
[2025-01-11 22:22:40,325] 64 root - INFO - Categorical columns: ['Education', 'Marital_Status', 'Dt_Customer', 'Recency', 'AcceptedCmp3', 'AcceptedCmp4', 'AcceptedCmp5', 'AcceptedCmp1', 'AcceptedCmp2', 'Complain', 'Response']
[2025-01-11 22:22:40,325] 65 root - INFO - Numerical columns: ['Income', 'Year_Birth', 'Kidhome', 'Teenhome', 'MntWines', 'MntFruits', 'MntMeatProducts', 'MntFishProducts', 'MntSweetProducts', 'MntGoldProds', 'NumDealsPurchases', 'NumWebPurchases', 'NumCatalogPurchases', 'NumStorePurchases', 'NumWebVisitsMonth', 'Z_CostContact', 'Z_Revenue']
