[2025-01-29 13:31:26,502] 28 root - INFO - Entered the data ingestion method or component
[2025-01-29 13:31:26,562] 31 root - INFO - Read the dataset as dataframe
[2025-01-29 13:31:26,607] 37 root - INFO - Train test split initiated
[2025-01-29 13:31:26,654] 44 root - INFO - Ingestion of the data is completed
[2025-01-29 13:31:26,719] 130 root - INFO - Read train and test data completed
[2025-01-29 13:31:26,719] 28 root - INFO - Starting feature engineering.
[2025-01-29 13:31:26,782] 64 root - INFO - Feature engineering completed.
[2025-01-29 13:31:26,782] 28 root - INFO - Starting feature engineering.
[2025-01-29 13:31:26,812] 64 root - INFO - Feature engineering completed.
[2025-01-29 13:31:26,812] 135 root - INFO - Feature engineering completed in train and test data
[2025-01-29 13:31:26,816] 141 root - INFO - Label encoding completed on categorical columns
[2025-01-29 13:31:26,816] 75 root - INFO - Creating preprocessor object.
[2025-01-29 13:31:26,816] 105 root - INFO - Preprocessor object created.
[2025-01-29 13:31:26,851] 168 root - INFO - Data transformation process completed.
[2025-01-29 13:31:26,851] 69 root - INFO - Starting model training process with n_clusters=2, n_components=2
[2025-01-29 13:31:26,862] 26 root - INFO - Performing PCA with 2 components.
[2025-01-29 13:31:26,878] 29 root - INFO - PCA completed.
[2025-01-29 13:31:26,878] 26 root - INFO - Performing PCA with 2 components.
[2025-01-29 13:31:26,893] 29 root - INFO - PCA completed.
[2025-01-29 13:31:26,893] 39 root - INFO - Performing KMeans clustering with 2 clusters.
[2025-01-29 13:31:27,645] 43 root - INFO - KMeans clustering completed with silhouette score: 0.47692591325830397
[2025-01-29 13:31:27,657] 80 root - INFO - KMeans Train Silhouette Score: 0.47692591325830397, Test Silhouette Score: 0.467518352451651
[2025-01-29 13:31:27,657] 53 root - INFO - Performing hierarchical clustering with 2 clusters.
[2025-01-29 13:31:27,852] 57 root - INFO - Hierarchical clustering completed with silhouette score: 0.42835371082702134
[2025-01-29 13:31:27,866] 87 root - INFO - Hierarchical Train Silhouette Score: 0.42835371082702134, Test Silhouette Score: 0.4601677732750221
[2025-01-29 13:31:27,866] 99 root - INFO - Best model selected: KMeans with silhouette score: 0.467518352451651
[2025-01-29 13:31:27,866] 107 root - INFO - Model training process completed and models saved.
