[2025-01-29 12:37:51,037] 22 root - INFO - Save preprocessor obj
[2025-01-29 12:37:51,106] 28 root - INFO - Entered the data ingestion method or component
[2025-01-29 12:37:51,133] 31 root - INFO - Read the dataset as dataframe
[2025-01-29 12:37:51,167] 37 root - INFO - Train test split initiated
[2025-01-29 12:37:51,189] 44 root - INFO - Ingestion of the data is completed
[2025-01-29 12:37:51,243] 128 root - INFO - Read train and test data completed
[2025-01-29 12:37:51,243] 34 root - INFO - Starting feature engineering.
[2025-01-29 12:37:51,281] 70 root - INFO - Feature engineering completed.
[2025-01-29 12:37:51,281] 34 root - INFO - Starting feature engineering.
[2025-01-29 12:37:51,293] 70 root - INFO - Feature engineering completed.
[2025-01-29 12:37:51,293] 133 root - INFO - Feature engineering completed in train and test data
[2025-01-29 12:37:51,293] 81 root - INFO - Creating preprocessor object.
[2025-01-29 12:37:51,293] 113 root - INFO - Preprocessor object created.
[2025-01-29 12:37:51,317] 166 root - INFO - Data transformation process completed.
[2025-01-29 12:37:51,318] 69 root - INFO - Starting model training process with n_clusters=2, n_components=2
[2025-01-29 12:37:51,318] 26 root - INFO - Performing PCA with 2 components.
[2025-01-29 12:37:51,342] 29 root - INFO - PCA completed.
[2025-01-29 12:37:51,342] 26 root - INFO - Performing PCA with 2 components.
[2025-01-29 12:37:51,345] 29 root - INFO - PCA completed.
[2025-01-29 12:37:51,345] 39 root - INFO - Performing KMeans clustering with 2 clusters.
[2025-01-29 12:37:51,771] 43 root - INFO - KMeans clustering completed with silhouette score: 0.477036787797647
[2025-01-29 12:37:51,773] 80 root - INFO - KMeans Train Silhouette Score: 0.477036787797647, Test Silhouette Score: 0.4675183524514665
[2025-01-29 12:37:51,773] 53 root - INFO - Performing hierarchical clustering with 2 clusters.
[2025-01-29 12:37:51,937] 57 root - INFO - Hierarchical clustering completed with silhouette score: 0.42835371082696866
[2025-01-29 12:37:51,945] 87 root - INFO - Hierarchical Train Silhouette Score: 0.42835371082696866, Test Silhouette Score: 0.46016777327484043
[2025-01-29 12:37:51,946] 99 root - INFO - Best model selected: KMeans with silhouette score: 0.4675183524514665
[2025-01-29 12:37:51,949] 107 root - INFO - Model training process completed and models saved.
