[2025-01-13 01:02:18,768] 26 root - INFO - Entered the data ingestion method or component
[2025-01-13 01:02:18,780] 29 root - INFO - Read the dataset as dataframe
[2025-01-13 01:02:18,797] 35 root - INFO - Train test split initiated
[2025-01-13 01:02:18,816] 42 root - INFO - Ingestion of the data is completed
[2025-01-13 01:02:18,845] 92 root - INFO - Read train and test data completed.
[2025-01-13 01:02:18,845] 16 root - INFO - Starting data cleaning process.
[2025-01-13 01:02:18,846] 24 root - INFO - Dropped Id, Z_CostContact, Z_Revenue columns
[2025-01-13 01:02:18,847] 28 root - INFO - Filled missing values using forward fill.
[2025-01-13 01:02:18,857] 32 root - INFO - Created Kids feature
[2025-01-13 01:02:18,859] 36 root - INFO - Created Age feature
[2025-01-13 01:02:18,861] 40 root - INFO - Created New_Education feature
[2025-01-13 01:02:18,878] 53 root - INFO - Created Days_for, Year_of_joining, and Month_of_joining columns.
[2025-01-13 01:02:18,879] 60 root - INFO - Created Total_amount_spent feature.
[2025-01-13 01:02:18,880] 66 root - INFO - Created Accepted_campaign feature.
[2025-01-13 01:02:18,881] 73 root - INFO - Created Number_of_purchases feature.
[2025-01-13 01:02:18,881] 75 root - INFO - Data cleaning process completed.
[2025-01-13 01:02:18,881] 16 root - INFO - Starting data cleaning process.
[2025-01-13 01:02:18,882] 24 root - INFO - Dropped Id, Z_CostContact, Z_Revenue columns
[2025-01-13 01:02:18,883] 28 root - INFO - Filled missing values using forward fill.
[2025-01-13 01:02:18,883] 32 root - INFO - Created Kids feature
[2025-01-13 01:02:18,884] 36 root - INFO - Created Age feature
[2025-01-13 01:02:18,885] 40 root - INFO - Created New_Education feature
[2025-01-13 01:02:18,888] 53 root - INFO - Created Days_for, Year_of_joining, and Month_of_joining columns.
[2025-01-13 01:02:18,889] 60 root - INFO - Created Total_amount_spent feature.
[2025-01-13 01:02:18,890] 66 root - INFO - Created Accepted_campaign feature.
[2025-01-13 01:02:18,891] 73 root - INFO - Created Number_of_purchases feature.
[2025-01-13 01:02:18,891] 75 root - INFO - Data cleaning process completed.
[2025-01-13 01:02:18,891] 98 root - INFO - Data cleaning completed on train and test datasets.
[2025-01-13 01:02:18,895] 107 root - INFO - Outliers removed from Income feature training data.
[2025-01-13 01:02:18,896] 111 root - INFO - Outlier removed from Age feature from training data
[2025-01-13 01:02:18,896] 114 root - INFO - Obtaining preprocessing object.
[2025-01-13 01:02:18,896] 69 root - INFO - Filled the null values in Numerical columns
[2025-01-13 01:02:18,896] 71 root - INFO - Categorical columns encoding completed
