[2025-01-29 15:27:47,951] 28 root - INFO - Entered the data ingestion method or component
[2025-01-29 15:27:47,968] 31 root - INFO - Read the dataset as dataframe
[2025-01-29 15:27:47,989] 37 root - INFO - Train test split initiated
[2025-01-29 15:27:48,010] 44 root - INFO - Ingestion of the data is completed
[2025-01-29 15:27:48,042] 130 root - INFO - Read train and test data completed
[2025-01-29 15:27:48,042] 28 root - INFO - Starting feature engineering.
[2025-01-29 15:27:48,072] 64 root - INFO - Feature engineering completed.
[2025-01-29 15:27:48,072] 28 root - INFO - Starting feature engineering.
[2025-01-29 15:27:48,083] 64 root - INFO - Feature engineering completed.
[2025-01-29 15:27:48,083] 135 root - INFO - Feature engineering completed in train and test data
[2025-01-29 15:27:48,085] 141 root - INFO - Label encoding completed on categorical columns
[2025-01-29 15:27:48,085] 75 root - INFO - Creating preprocessor object.
[2025-01-29 15:27:48,085] 105 root - INFO - Preprocessor object created.
[2025-01-29 15:27:48,105] 168 root - INFO - Data transformation process completed.
[2025-01-29 15:27:48,105] 69 root - INFO - Starting model training process with n_clusters=2, n_components=2
[2025-01-29 15:27:48,105] 26 root - INFO - Performing PCA with 2 components.
[2025-01-29 15:27:48,130] 29 root - INFO - PCA completed.
[2025-01-29 15:27:48,130] 26 root - INFO - Performing PCA with 2 components.
[2025-01-29 15:27:48,133] 29 root - INFO - PCA completed.
[2025-01-29 15:27:48,133] 76 root - INFO - Train PCA Data Shape: (1764, 2), Test PCA Data Shape: (441, 2)
[2025-01-29 15:27:48,133] 39 root - INFO - Performing KMeans clustering with 2 clusters.
[2025-01-29 15:27:48,478] 43 root - INFO - KMeans clustering completed with silhouette score: 0.4769259132583455
[2025-01-29 15:27:48,498] 83 root - INFO - KMeans Train Silhouette Score: 0.4769259132583455, Test Silhouette Score: 0.467518352451651
[2025-01-29 15:27:48,498] 53 root - INFO - Performing hierarchical clustering with 2 clusters.
[2025-01-29 15:27:48,652] 57 root - INFO - Hierarchical clustering completed with silhouette score: 0.42835371082706497
[2025-01-29 15:27:48,660] 90 root - INFO - Hierarchical Train Silhouette Score: 0.42835371082706497, Test Silhouette Score: 0.4601677732750221
[2025-01-29 15:27:48,660] 102 root - INFO - Best model selected: KMeans with silhouette score: 0.467518352451651
[2025-01-29 15:27:48,662] 110 root - INFO - Model training process completed and models saved.
