[2025-01-15 20:47:25,120] 22 root - INFO - Save preprocessor obj
[2025-01-15 20:47:25,182] 28 root - INFO - Entered the data ingestion method or component
[2025-01-15 20:47:25,185] 31 root - INFO - Read the dataset as dataframe
[2025-01-15 20:47:25,200] 37 root - INFO - Train test split initiated
[2025-01-15 20:47:25,231] 44 root - INFO - Ingestion of the data is completed
[2025-01-15 20:47:25,247] 128 root - INFO - Read train and test data completed
[2025-01-15 20:47:25,247] 34 root - INFO - Starting feature engineering.
[2025-01-15 20:47:25,278] 70 root - INFO - Feature engineering completed.
[2025-01-15 20:47:25,294] 34 root - INFO - Starting feature engineering.
[2025-01-15 20:47:25,309] 70 root - INFO - Feature engineering completed.
[2025-01-15 20:47:25,309] 133 root - INFO - Feature engineering completed in train and test data
[2025-01-15 20:47:25,309] 81 root - INFO - Creating preprocessor object.
[2025-01-15 20:47:25,309] 113 root - INFO - Preprocessor object created.
[2025-01-15 20:47:25,325] 166 root - INFO - Data transformation process completed.
[2025-01-15 20:47:25,325] 69 root - INFO - Starting model training process with n_clusters=2, n_components=2
[2025-01-15 20:47:25,325] 26 root - INFO - Performing PCA with 2 components.
[2025-01-15 20:47:25,325] 29 root - INFO - PCA completed.
[2025-01-15 20:47:25,325] 26 root - INFO - Performing PCA with 2 components.
[2025-01-15 20:47:25,325] 29 root - INFO - PCA completed.
[2025-01-15 20:47:25,325] 39 root - INFO - Performing KMeans clustering with 2 clusters.
[2025-01-15 20:47:25,561] 43 root - INFO - KMeans clustering completed with silhouette score: 0.472777565513296
[2025-01-15 20:47:25,576] 82 root - INFO - KMeans Train Silhouette Score: 0.472777565513296, Test Silhouette Score: 0.46788613213719077
[2025-01-15 20:47:25,576] 53 root - INFO - Performing hierarchical clustering with 2 clusters.
[2025-01-15 20:47:25,670] 57 root - INFO - Hierarchical clustering completed with silhouette score: 0.4655911435702817
[2025-01-15 20:47:25,687] 91 root - INFO - Hierarchical Train Silhouette Score: 0.4655911435702817, Test Silhouette Score: 0.46452195566863813
[2025-01-15 20:47:25,687] 103 root - INFO - Model training process completed and models saved.
