[2025-01-13 01:10:30,023] 26 root - INFO - Entered the data ingestion method or component
[2025-01-13 01:10:30,034] 29 root - INFO - Read the dataset as dataframe
[2025-01-13 01:10:30,051] 35 root - INFO - Train test split initiated
[2025-01-13 01:10:30,070] 42 root - INFO - Ingestion of the data is completed
[2025-01-13 01:10:30,106] 97 root - INFO - Read train and test data completed.
[2025-01-13 01:10:30,107] 16 root - INFO - Starting data cleaning process.
[2025-01-13 01:10:30,107] 24 root - INFO - Dropped Id, Z_CostContact, Z_Revenue columns
[2025-01-13 01:10:30,108] 28 root - INFO - Filled missing values using forward fill.
[2025-01-13 01:10:30,117] 32 root - INFO - Created Kids feature
[2025-01-13 01:10:30,118] 36 root - INFO - Created Age feature
[2025-01-13 01:10:30,120] 40 root - INFO - Created New_Education feature
[2025-01-13 01:10:30,136] 53 root - INFO - Created Days_for, Year_of_joining, and Month_of_joining columns.
[2025-01-13 01:10:30,137] 60 root - INFO - Created Total_amount_spent feature.
[2025-01-13 01:10:30,138] 66 root - INFO - Created Accepted_campaign feature.
[2025-01-13 01:10:30,139] 73 root - INFO - Created Number_of_purchases feature.
[2025-01-13 01:10:30,139] 75 root - INFO - Data cleaning process completed.
[2025-01-13 01:10:30,140] 16 root - INFO - Starting data cleaning process.
[2025-01-13 01:10:30,140] 24 root - INFO - Dropped Id, Z_CostContact, Z_Revenue columns
[2025-01-13 01:10:30,141] 28 root - INFO - Filled missing values using forward fill.
[2025-01-13 01:10:30,141] 32 root - INFO - Created Kids feature
[2025-01-13 01:10:30,142] 36 root - INFO - Created Age feature
[2025-01-13 01:10:30,143] 40 root - INFO - Created New_Education feature
[2025-01-13 01:10:30,146] 53 root - INFO - Created Days_for, Year_of_joining, and Month_of_joining columns.
[2025-01-13 01:10:30,147] 60 root - INFO - Created Total_amount_spent feature.
[2025-01-13 01:10:30,148] 66 root - INFO - Created Accepted_campaign feature.
[2025-01-13 01:10:30,149] 73 root - INFO - Created Number_of_purchases feature.
[2025-01-13 01:10:30,149] 75 root - INFO - Data cleaning process completed.
[2025-01-13 01:10:30,149] 103 root - INFO - Data cleaning completed on train and test datasets.
[2025-01-13 01:10:30,153] 112 root - INFO - Outliers removed from Income feature training data.
[2025-01-13 01:10:30,154] 116 root - INFO - Outlier removed from Age feature from training data
[2025-01-13 01:10:30,154] 119 root - INFO - Obtaining preprocessing object.
[2025-01-13 01:10:30,154] 74 root - INFO - Filled the null values in Numerical columns
[2025-01-13 01:10:30,154] 76 root - INFO - Categorical columns encoding completed
